[debug] [2024-12-30T09:50:17.893Z] ----------------------------------------------------------------------
[debug] [2024-12-30T09:50:17.895Z] Command:       C:\Users\nithi\.nvm\versions\node\v18.15.0\bin\node.exe C:\Users\nithi\.nvm\versions\node\v18.15.0\bin\node_modules\firebase-tools\lib\bin\firebase.js init
[debug] [2024-12-30T09:50:17.895Z] CLI Version:   13.29.1
[debug] [2024-12-30T09:50:17.895Z] Platform:      win32
[debug] [2024-12-30T09:50:17.895Z] Node Version:  v18.15.0
[debug] [2024-12-30T09:50:17.906Z] Time:          Mon Dec 30 2024 15:20:17 GMT+0530 (India Standard Time)
[debug] [2024-12-30T09:50:17.906Z] ----------------------------------------------------------------------
[debug] 
[debug] [2024-12-30T09:50:17.925Z] >>> [apiv2][query] GET https://firebase-public.firebaseio.com/cli.json [none]
[debug] [2024-12-30T09:50:17.965Z] > command requires scopes: ["email","openid","https://www.googleapis.com/auth/cloudplatformprojects.readonly","https://www.googleapis.com/auth/firebase","https://www.googleapis.com/auth/cloud-platform"]
[debug] [2024-12-30T09:50:17.966Z] > authorizing via signed-in user (nithinprasad548@gmail.com)
[info] 
     ######## #### ########  ######## ########     ###     ######  ########
     ##        ##  ##     ## ##       ##     ##  ##   ##  ##       ##
     ######    ##  ########  ######   ########  #########  ######  ######
     ##        ##  ##    ##  ##       ##     ## ##     ##       ## ##
     ##       #### ##     ## ######## ########  ##     ##  ######  ########

You're about to initialize a Firebase project in this directory:

  C:\Users\nithi\Desktop\nithin\Work\meadows

[debug] [2024-12-30T09:50:18.598Z] <<< [apiv2][status] GET https://firebase-public.firebaseio.com/cli.json 200
[debug] [2024-12-30T09:50:18.599Z] <<< [apiv2][body] GET https://firebase-public.firebaseio.com/cli.json {"cloudBuildErrorAfter":1594252800000,"cloudBuildWarnAfter":1590019200000,"defaultNode10After":1594252800000,"minVersion":"3.0.5","node8DeploysDisabledAfter":1613390400000,"node8RuntimeDisabledAfter":1615809600000,"node8WarnAfter":1600128000000}
[info] 
=== Project Setup
[info] 
[info] First, let's associate this project directory with a Firebase project.
[info] You can create multiple project aliases by running firebase use --add, 
[info] but for now we'll just set up a default project.
[info] 
[debug] [2024-12-30T09:50:57.888Z] Checked if tokens are valid: false, expires at: 1734320531887
[debug] [2024-12-30T09:50:57.889Z] Checked if tokens are valid: false, expires at: 1734320531887
[debug] [2024-12-30T09:50:57.889Z] > refreshing access token with scopes: []
[debug] [2024-12-30T09:50:57.890Z] >>> [apiv2][query] POST https://www.googleapis.com/oauth2/v3/token [none]
[debug] [2024-12-30T09:50:57.891Z] >>> [apiv2][body] POST https://www.googleapis.com/oauth2/v3/token [omitted]
[debug] [2024-12-30T09:50:59.136Z] <<< [apiv2][status] POST https://www.googleapis.com/oauth2/v3/token 200
[debug] [2024-12-30T09:50:59.136Z] <<< [apiv2][body] POST https://www.googleapis.com/oauth2/v3/token [omitted]
[debug] [2024-12-30T09:50:59.159Z] >>> [apiv2][query] GET https://firebase.googleapis.com/v1beta1/projects pageSize=100
[debug] [2024-12-30T09:50:59.862Z] <<< [apiv2][status] GET https://firebase.googleapis.com/v1beta1/projects 200
[debug] [2024-12-30T09:50:59.862Z] <<< [apiv2][body] GET https://firebase.googleapis.com/v1beta1/projects [omitted]
[info] i  Using project meadowsfcalappuzha (meadowsfcalappuzha) 
[info] 
=== Hosting Setup
[debug] [2024-12-30T09:51:03.698Z] Checked if tokens are valid: true, expires at: 1735555858136
[debug] [2024-12-30T09:51:03.698Z] Checked if tokens are valid: true, expires at: 1735555858136
[debug] [2024-12-30T09:51:03.698Z] >>> [apiv2][query] GET https://firebase.googleapis.com/v1beta1/projects/meadowsfcalappuzha [none]
[debug] [2024-12-30T09:51:04.346Z] <<< [apiv2][status] GET https://firebase.googleapis.com/v1beta1/projects/meadowsfcalappuzha 200
[debug] [2024-12-30T09:51:04.347Z] <<< [apiv2][body] GET https://firebase.googleapis.com/v1beta1/projects/meadowsfcalappuzha {"projectId":"meadowsfcalappuzha","projectNumber":"715227030818","displayName":"meadowsfcalappuzha","name":"projects/meadowsfcalappuzha","resources":{"hostingSite":"meadowsfcalappuzha"},"state":"ACTIVE","etag":"1_2cdad32c-1b35-4da6-affb-4c4be1cd2a95"}
[info] 
[info] Your public directory is the folder (relative to your project directory) that
[info] will contain Hosting assets to be uploaded with firebase deploy. If you
[info] have a build process for your assets, use your build's output directory.
[info] 
